{
  message: 'Database Connected Sucessfully',
  level: 'info',
  label: 'Success Log',
  timestamp: '2023-06-24T16:20:17.829Z'
}
{
  message: 'University Management Server Listening on 5000',
  level: 'info',
  label: 'Success Log',
  timestamp: '2023-06-24T16:20:17.840Z'
}
{
  message: 'Database Connected Sucessfully',
  level: 'info',
  label: 'Success Log',
  timestamp: '2023-06-24T16:23:00.708Z'
}
{
  message: 'University Management Server Listening on 5000',
  level: 'info',
  label: 'Success Log',
  timestamp: '2023-06-24T16:23:00.713Z'
}
