{
  message: 'Database Connected Sucessfully',
  level: 'info',
  label: 'Success Log',
  timestamp: '2023-07-05T18:08:46.402Z'
}
{
  message: 'University Management Server Listening on 5000',
  level: 'info',
  label: 'Success Log',
  timestamp: '2023-07-05T18:08:46.411Z'
}
{
  message: 'Database Connected Sucessfully',
  level: 'info',
  label: 'Success Log',
  timestamp: '2023-07-05T18:28:58.772Z'
}
{
  message: 'University Management Server Listening on 5000',
  level: 'info',
  label: 'Success Log',
  timestamp: '2023-07-05T18:28:58.779Z'
}
{
  message: 'Database Connected Sucessfully',
  level: 'info',
  label: 'Success Log',
  timestamp: '2023-07-05T18:29:07.287Z'
}
{
  message: 'University Management Server Listening on 5000',
  level: 'info',
  label: 'Success Log',
  timestamp: '2023-07-05T18:29:07.294Z'
}
{
  message: 'Database Connected Sucessfully',
  level: 'info',
  label: 'Success Log',
  timestamp: '2023-07-05T18:30:32.740Z'
}
{
  message: 'University Management Server Listening on 5000',
  level: 'info',
  label: 'Success Log',
  timestamp: '2023-07-05T18:30:32.748Z'
}
{
  message: 'Database Connected Sucessfully',
  level: 'info',
  label: 'Success Log',
  timestamp: '2023-07-05T18:31:18.460Z'
}
{
  message: 'University Management Server Listening on 5000',
  level: 'info',
  label: 'Success Log',
  timestamp: '2023-07-05T18:31:18.466Z'
}
{
  message: 'Database Connected Sucessfully',
  level: 'info',
  label: 'Success Log',
  timestamp: '2023-07-05T18:31:29.905Z'
}
{
  message: 'University Management Server Listening on 5000',
  level: 'info',
  label: 'Success Log',
  timestamp: '2023-07-05T18:31:29.913Z'
}
{
  message: 'Database Connected Sucessfully',
  level: 'info',
  label: 'Success Log',
  timestamp: '2023-07-05T18:31:52.174Z'
}
{
  message: 'University Management Server Listening on 5000',
  level: 'info',
  label: 'Success Log',
  timestamp: '2023-07-05T18:31:52.183Z'
}
{
  message: 'Database Connected Sucessfully',
  level: 'info',
  label: 'Success Log',
  timestamp: '2023-07-05T18:32:45.473Z'
}
{
  message: 'University Management Server Listening on 5000',
  level: 'info',
  label: 'Success Log',
  timestamp: '2023-07-05T18:32:45.480Z'
}
{
  message: 'Database Connected Sucessfully',
  level: 'info',
  label: 'Success Log',
  timestamp: '2023-07-05T18:32:49.620Z'
}
{
  message: 'University Management Server Listening on 5000',
  level: 'info',
  label: 'Success Log',
  timestamp: '2023-07-05T18:32:49.628Z'
}
{
  message: 'Database Connected Sucessfully',
  level: 'info',
  label: 'Success Log',
  timestamp: '2023-07-05T18:41:06.797Z'
}
{
  message: 'University Management Server Listening on 5000',
  level: 'info',
  label: 'Success Log',
  timestamp: '2023-07-05T18:41:06.804Z'
}
{
  message: 'Database Connected Sucessfully',
  level: 'info',
  label: 'Success Log',
  timestamp: '2023-07-05T18:41:08.329Z'
}
{
  message: 'University Management Server Listening on 5000',
  level: 'info',
  label: 'Success Log',
  timestamp: '2023-07-05T18:41:08.336Z'
}
