{
  message: 'Database Connected Sucessfully',
  level: 'info',
  label: 'Success Log',
  timestamp: '2023-06-23T08:02:44.320Z'
}
{
  message: 'University Management Server Listening on 5000',
  level: 'info',
  label: 'Success Log',
  timestamp: '2023-06-23T08:02:44.336Z'
}
{
  message: 'Database Connected Sucessfully',
  level: 'info',
  label: 'Success Log',
  timestamp: '2023-06-23T08:29:03.275Z'
}
{
  message: 'University Management Server Listening on 5000',
  level: 'info',
  label: 'Success Log',
  timestamp: '2023-06-23T08:29:03.288Z'
}
{
  message: 'Database Connected Sucessfully',
  level: 'info',
  label: 'Success Log',
  timestamp: '2023-06-23T08:47:05.776Z'
}
{
  message: 'University Management Server Listening on 5000',
  level: 'info',
  label: 'Success Log',
  timestamp: '2023-06-23T08:47:05.783Z'
}
